[   145.353] (--) Log file renamed from "/home/liam/.local/share/xorg/Xorg.pid-983.log" to "/home/liam/.local/share/xorg/Xorg.0.log"
[   145.353] 
X.Org X Server 1.19.6
Release Date: 2017-12-20
[   145.353] X Protocol Version 11, Revision 0
[   145.353] Build Operating System: Linux 4.4.0-119-generic x86_64 Ubuntu
[   145.353] Current Operating System: Linux liam-VirtualBox 4.15.0-32-generic #35-Ubuntu SMP Fri Aug 10 17:58:07 UTC 2018 x86_64
[   145.353] Kernel command line: BOOT_IMAGE=/boot/vmlinuz-4.15.0-32-generic root=UUID=180913d2-7dff-4d49-a532-4329e40d1f28 ro quiet splash
[   145.353] Build Date: 13 April 2018  08:07:36PM
[   145.353] xorg-server 2:1.19.6-1ubuntu4 (For technical support please see http://www.ubuntu.com/support) 
[   145.353] Current version of pixman: 0.34.0
[   145.353] 	Before reporting problems, check http://wiki.x.org
	to make sure that you have the latest version.
[   145.353] Markers: (--) probed, (**) from config file, (==) default setting,
	(++) from command line, (!!) notice, (II) informational,
	(WW) warning, (EE) error, (NI) not implemented, (??) unknown.
[   145.353] (==) Log file: "/home/liam/.local/share/xorg/Xorg.0.log", Time: Wed Aug 15 13:48:19 2018
[   145.380] (==) Using system config directory "/usr/share/X11/xorg.conf.d"
[   145.421] (==) No Layout section.  Using the first Screen section.
[   145.421] (==) No screen section available. Using defaults.
[   145.421] (**) |-->Screen "Default Screen Section" (0)
[   145.421] (**) |   |-->Monitor "<default monitor>"
[   145.422] (==) No monitor specified for screen "Default Screen Section".
	Using a default monitor configuration.
[   145.422] (==) Automatically adding devices
[   145.422] (==) Automatically enabling devices
[   145.422] (==) Automatically adding GPU devices
[   145.422] (==) Automatically binding GPU devices
[   145.422] (==) Max clients allowed: 256, resource mask: 0x1fffff
[   145.422] (WW) The directory "/usr/share/fonts/X11/cyrillic" does not exist.
[   145.422] 	Entry deleted from font path.
[   145.422] (WW) The directory "/usr/share/fonts/X11/100dpi/" does not exist.
[   145.422] 	Entry deleted from font path.
[   145.422] (WW) The directory "/usr/share/fonts/X11/75dpi/" does not exist.
[   145.422] 	Entry deleted from font path.
[   145.422] (WW) The directory "/usr/share/fonts/X11/100dpi" does not exist.
[   145.422] 	Entry deleted from font path.
[   145.422] (WW) The directory "/usr/share/fonts/X11/75dpi" does not exist.
[   145.422] 	Entry deleted from font path.
[   145.422] (==) FontPath set to:
	/usr/share/fonts/X11/misc,
	/usr/share/fonts/X11/Type1,
	built-ins
[   145.422] (==) ModulePath set to "/usr/lib/xorg/modules"
[   145.422] (II) The server relies on udev to provide the list of input devices.
	If no devices become available, reconfigure udev or disable AutoAddDevices.
[   145.422] (II) Loader magic: 0x55f15b875020
[   145.422] (II) Module ABI versions:
[   145.422] 	X.Org ANSI C Emulation: 0.4
[   145.422] 	X.Org Video Driver: 23.0
[   145.422] 	X.Org XInput driver : 24.1
[   145.422] 	X.Org Server Extension : 10.0
[   145.423] (++) using VT number 2

[   145.426] (II) systemd-logind: took control of session /org/freedesktop/login1/session/_32
[   145.427] (II) xfree86: Adding drm device (/dev/dri/card0)
[   145.429] (II) systemd-logind: got fd for /dev/dri/card0 226:0 fd 12 paused 0
[   145.452] (--) PCI:*(0:0:2:0) 80ee:beef:0000:0000 rev 0, Mem @ 0xe0000000/16777216, BIOS @ 0x????????/131072
[   145.452] (II) LoadModule: "glx"
[   145.460] (II) Loading /usr/lib/xorg/modules/extensions/libglx.so
[   145.484] (II) Module glx: vendor="X.Org Foundation"
[   145.484] 	compiled for 1.19.6, module version = 1.0.0
[   145.484] 	ABI class: X.Org Server Extension, version 10.0
[   145.484] (==) Matched vboxvideo as autoconfigured driver 0
[   145.484] (==) Matched vboxvideo as autoconfigured driver 1
[   145.484] (==) Matched modesetting as autoconfigured driver 2
[   145.484] (==) Matched fbdev as autoconfigured driver 3
[   145.484] (==) Matched vesa as autoconfigured driver 4
[   145.484] (==) Assigned the driver to the xf86ConfigLayout
[   145.484] (II) LoadModule: "vboxvideo"
[   145.485] (WW) Warning, couldn't open module vboxvideo
[   145.485] (II) UnloadModule: "vboxvideo"
[   145.486] (II) Unloading vboxvideo
[   145.486] (EE) Failed to load module "vboxvideo" (module does not exist, 0)
[   145.486] (II) LoadModule: "modesetting"
[   145.486] (II) Loading /usr/lib/xorg/modules/drivers/modesetting_drv.so
[   145.488] (II) Module modesetting: vendor="X.Org Foundation"
[   145.488] 	compiled for 1.19.6, module version = 1.19.6
[   145.488] 	Module class: X.Org Video Driver
[   145.488] 	ABI class: X.Org Video Driver, version 23.0
[   145.488] (II) LoadModule: "fbdev"
[   145.488] (II) Loading /usr/lib/xorg/modules/drivers/fbdev_drv.so
[   145.489] (II) Module fbdev: vendor="X.Org Foundation"
[   145.489] 	compiled for 1.19.3, module version = 0.4.4
[   145.489] 	Module class: X.Org Video Driver
[   145.489] 	ABI class: X.Org Video Driver, version 23.0
[   145.489] (II) LoadModule: "vesa"
[   145.489] (II) Loading /usr/lib/xorg/modules/drivers/vesa_drv.so
[   145.495] (II) Module vesa: vendor="X.Org Foundation"
[   145.495] 	compiled for 1.19.3, module version = 2.3.4
[   145.495] 	Module class: X.Org Video Driver
[   145.495] 	ABI class: X.Org Video Driver, version 23.0
[   145.495] (==) Matched vboxvideo as autoconfigured driver 0
[   145.495] (==) Matched vboxvideo as autoconfigured driver 1
[   145.495] (==) Matched modesetting as autoconfigured driver 2
[   145.495] (==) Matched fbdev as autoconfigured driver 3
[   145.495] (==) Matched vesa as autoconfigured driver 4
[   145.495] (==) Assigned the driver to the xf86ConfigLayout
[   145.495] (II) LoadModule: "vboxvideo"
[   145.495] (WW) Warning, couldn't open module vboxvideo
[   145.495] (II) UnloadModule: "vboxvideo"
[   145.495] (II) Unloading vboxvideo
[   145.495] (EE) Failed to load module "vboxvideo" (module does not exist, 0)
[   145.495] (II) LoadModule: "modesetting"
[   145.495] (II) Loading /usr/lib/xorg/modules/drivers/modesetting_drv.so
[   145.495] (II) Module modesetting: vendor="X.Org Foundation"
[   145.495] 	compiled for 1.19.6, module version = 1.19.6
[   145.495] 	Module class: X.Org Video Driver
[   145.495] 	ABI class: X.Org Video Driver, version 23.0
[   145.495] (II) UnloadModule: "modesetting"
[   145.495] (II) Unloading modesetting
[   145.495] (II) Failed to load module "modesetting" (already loaded, 0)
[   145.495] (II) LoadModule: "fbdev"
[   145.495] (II) Loading /usr/lib/xorg/modules/drivers/fbdev_drv.so
[   145.495] (II) Module fbdev: vendor="X.Org Foundation"
[   145.495] 	compiled for 1.19.3, module version = 0.4.4
[   145.495] 	Module class: X.Org Video Driver
[   145.495] 	ABI class: X.Org Video Driver, version 23.0
[   145.495] (II) UnloadModule: "fbdev"
[   145.495] (II) Unloading fbdev
[   145.495] (II) Failed to load module "fbdev" (already loaded, 0)
[   145.495] (II) LoadModule: "vesa"
[   145.495] (II) Loading /usr/lib/xorg/modules/drivers/vesa_drv.so
[   145.495] (II) Module vesa: vendor="X.Org Foundation"
[   145.495] 	compiled for 1.19.3, module version = 2.3.4
[   145.495] 	Module class: X.Org Video Driver
[   145.495] 	ABI class: X.Org Video Driver, version 23.0
[   145.495] (II) UnloadModule: "vesa"
[   145.495] (II) Unloading vesa
[   145.495] (II) Failed to load module "vesa" (already loaded, 0)
[   145.495] (II) modesetting: Driver for Modesetting Kernel Drivers: kms
[   145.495] (II) FBDEV: driver for framebuffer: fbdev
[   145.495] (II) VESA: driver for VESA chipsets: vesa
[   145.498] xf86EnableIOPorts: failed to set IOPL for I/O (Operation not permitted)
[   145.498] (II) modeset(0): using drv /dev/dri/card0
[   145.498] (WW) Falling back to old probe method for fbdev
[   145.498] (II) Loading sub module "fbdevhw"
[   145.498] (II) LoadModule: "fbdevhw"
[   145.498] (II) Loading /usr/lib/xorg/modules/libfbdevhw.so
[   145.504] (II) Module fbdevhw: vendor="X.Org Foundation"
[   145.504] 	compiled for 1.19.6, module version = 0.0.2
[   145.504] 	ABI class: X.Org Video Driver, version 23.0
[   145.504] (EE) open /dev/fb0: Permission denied
[   145.504] (WW) Falling back to old probe method for vesa
[   145.504] (WW) VGA arbiter: cannot open kernel arbiter, no multi-card support
[   145.504] (II) modeset(0): Creating default Display subsection in Screen section
	"Default Screen Section" for depth/fbbpp 24/32
[   145.504] (==) modeset(0): Depth 24, (==) framebuffer bpp 32
[   145.504] (==) modeset(0): RGB weight 888
[   145.504] (==) modeset(0): Default visual is TrueColor
[   145.504] (II) Loading sub module "glamoregl"
[   145.504] (II) LoadModule: "glamoregl"
[   145.505] (II) Loading /usr/lib/xorg/modules/libglamoregl.so
[   145.511] (II) Module glamoregl: vendor="X.Org Foundation"
[   145.511] 	compiled for 1.19.6, module version = 1.0.0
[   145.511] 	ABI class: X.Org ANSI C Emulation, version 0.4
[   145.511] (II) glamor: OpenGL accelerated X.org driver based.
[   145.542] (II) glamor: EGL version 1.4 (DRI2):
[   145.542] EGL_MESA_drm_image required.
[   145.543] (EE) modeset(0): glamor initialization failed
[   145.543] (II) modeset(0): ShadowFB: preferred NO, enabled NO
[   145.546] (II) modeset(0): Output VGA-1 has no monitor section
[   145.549] (II) modeset(0): EDID for output VGA-1
[   145.549] (II) modeset(0): Manufacturer: VBX  Model: 0  Serial#: 63899520
[   145.549] (II) modeset(0): Year: 1990  Week: 1
[   145.549] (II) modeset(0): EDID Version: 1.3
[   145.549] (II) modeset(0): Digital Display Input
[   145.549] (II) modeset(0): Indeterminate output size
[   145.549] (II) modeset(0): Gamma: 2.20
[   145.549] (II) modeset(0): DPMS capabilities: StandBy Suspend Off
[   145.550] (II) modeset(0): Supported color encodings: RGB 4:4:4 YCrCb 4:4:4 
[   145.550] (II) modeset(0): Default color space is primary color space
[   145.550] (II) modeset(0): First detailed timing is preferred mode
[   145.550] (II) modeset(0): redX: 0.640 redY: 0.330   greenX: 0.300 greenY: 0.600
[   145.550] (II) modeset(0): blueX: 0.150 blueY: 0.060   whiteX: 0.312 whiteY: 0.329
[   145.550] (II) modeset(0): Manufacturer's mask: 0
[   145.550] (II) modeset(0): Supported detailed timing:
[   145.550] (II) modeset(0): clock: 113.4 MHz   Image Size:  0 x 0 mm
[   145.550] (II) modeset(0): h_active: 1920  h_sync: 1922  h_sync_end 1924 h_blank_end 1926 h_border: 0
[   145.550] (II) modeset(0): v_active: 975  v_sync: 975  v_sync_end 1009 v_blanking: 981 v_border: 0
[   145.551] (II) modeset(0): Ranges: V min: 0 V max: 200 Hz, H min: 0 H max: 200 kHz, PixClock max 1005 MHz
[   145.551] (II) modeset(0): Monitor name: VBOX monitor
[   145.551] (II) modeset(0): EDID (in hex):
[   145.551] (II) modeset(0): 	00ffffffffffff00585800008007cf03
[   145.551] (II) modeset(0): 	0100010380000078eeee91a3544c9926
[   145.551] (II) modeset(0): 	0f505400000001010101010101010101
[   145.552] (II) modeset(0): 	010101010101482c800670cf06300202
[   145.552] (II) modeset(0): 	0202000000000000000000fd0000c800
[   145.552] (II) modeset(0): 	c864000a202020202020000000fc0056
[   145.553] (II) modeset(0): 	424f58206d6f6e69746f720a00000010
[   145.553] (II) modeset(0): 	000a2020202020202020202020200095
[   145.553] (II) modeset(0): Printing probed modes for output VGA-1
[   145.554] (II) modeset(0): Modeline "1920x975"x60.0  155.35  1920 2040 2240 2560  975 978 988 1012 -hsync +vsync (60.7 kHz P)
[   145.554] (II) modeset(0): Modeline "2560x1600"x60.0  348.50  2560 2752 3032 3504  1600 1603 1609 1658 -hsync +vsync (99.5 kHz e)
[   145.554] (II) modeset(0): Modeline "2560x1600"x60.0  268.50  2560 2608 2640 2720  1600 1603 1609 1646 +hsync -vsync (98.7 kHz e)
[   145.554] (II) modeset(0): Modeline "1920x1440"x60.0  234.00  1920 2048 2256 2600  1440 1441 1444 1500 -hsync +vsync (90.0 kHz e)
[   145.554] (II) modeset(0): Modeline "1856x1392"x60.0  218.25  1856 1952 2176 2528  1392 1393 1396 1439 -hsync +vsync (86.3 kHz e)
[   145.554] (II) modeset(0): Modeline "1792x1344"x60.0  204.75  1792 1920 2120 2448  1344 1345 1348 1394 -hsync +vsync (83.6 kHz e)
[   145.554] (II) modeset(0): Modeline "2048x1152"x60.0  162.00  2048 2074 2154 2250  1152 1153 1156 1200 +hsync +vsync (72.0 kHz e)
[   145.554] (II) modeset(0): Modeline "1920x1200"x59.9  193.25  1920 2056 2256 2592  1200 1203 1209 1245 -hsync +vsync (74.6 kHz e)
[   145.554] (II) modeset(0): Modeline "1920x1200"x60.0  154.00  1920 1968 2000 2080  1200 1203 1209 1235 +hsync -vsync (74.0 kHz e)
[   145.554] (II) modeset(0): Modeline "1920x1080"x60.0  148.50  1920 2008 2052 2200  1080 1084 1089 1125 -hsync -vsync (67.5 kHz e)
[   145.554] (II) modeset(0): Modeline "1600x1200"x60.0  162.00  1600 1664 1856 2160  1200 1201 1204 1250 +hsync +vsync (75.0 kHz e)
[   145.554] (II) modeset(0): Modeline "1680x1050"x60.0  146.25  1680 1784 1960 2240  1050 1053 1059 1089 -hsync +vsync (65.3 kHz e)
[   145.554] (II) modeset(0): Modeline "1680x1050"x59.9  119.00  1680 1728 1760 1840  1050 1053 1059 1080 +hsync -vsync (64.7 kHz e)
[   145.554] (II) modeset(0): Modeline "1400x1050"x60.0  121.75  1400 1488 1632 1864  1050 1053 1057 1089 -hsync +vsync (65.3 kHz e)
[   145.554] (II) modeset(0): Modeline "1400x1050"x59.9  101.00  1400 1448 1480 1560  1050 1053 1057 1080 +hsync -vsync (64.7 kHz e)
[   145.554] (II) modeset(0): Modeline "1600x900"x60.0  108.00  1600 1624 1704 1800  900 901 904 1000 +hsync +vsync (60.0 kHz e)
[   145.554] (II) modeset(0): Modeline "1280x1024"x60.0  108.00  1280 1328 1440 1688  1024 1025 1028 1066 +hsync +vsync (64.0 kHz e)
[   145.554] (II) modeset(0): Modeline "1440x900"x59.9  106.50  1440 1520 1672 1904  900 903 909 934 -hsync +vsync (55.9 kHz e)
[   145.554] (II) modeset(0): Modeline "1440x900"x59.9   88.75  1440 1488 1520 1600  900 903 909 926 +hsync -vsync (55.5 kHz e)
[   145.554] (II) modeset(0): Modeline "1280x960"x60.0  108.00  1280 1376 1488 1800  960 961 964 1000 +hsync +vsync (60.0 kHz e)
[   145.554] (II) modeset(0): Modeline "1366x768"x59.8   85.50  1366 1436 1579 1792  768 771 774 798 +hsync +vsync (47.7 kHz e)
[   145.554] (II) modeset(0): Modeline "1366x768"x60.0   72.00  1366 1380 1436 1500  768 769 772 800 +hsync +vsync (48.0 kHz e)
[   145.554] (II) modeset(0): Modeline "1360x768"x60.0   85.50  1360 1424 1536 1792  768 771 777 795 +hsync +vsync (47.7 kHz e)
[   145.554] (II) modeset(0): Modeline "1280x800"x59.8   83.50  1280 1352 1480 1680  800 803 809 831 -hsync +vsync (49.7 kHz e)
[   145.554] (II) modeset(0): Modeline "1280x800"x59.9   71.00  1280 1328 1360 1440  800 803 809 823 +hsync -vsync (49.3 kHz e)
[   145.554] (II) modeset(0): Modeline "1280x768"x59.9   79.50  1280 1344 1472 1664  768 771 778 798 -hsync +vsync (47.8 kHz e)
[   145.554] (II) modeset(0): Modeline "1280x768"x60.0   68.25  1280 1328 1360 1440  768 771 778 790 +hsync -vsync (47.4 kHz e)
[   145.554] (II) modeset(0): Modeline "1280x720"x60.0   74.25  1280 1390 1430 1650  720 725 730 750 +hsync +vsync (45.0 kHz e)
[   145.554] (II) modeset(0): Modeline "1024x768"x60.0   65.00  1024 1048 1184 1344  768 771 777 806 -hsync -vsync (48.4 kHz e)
[   145.554] (II) modeset(0): Modeline "800x600"x60.3   40.00  800 840 968 1056  600 601 605 628 +hsync +vsync (37.9 kHz e)
[   145.554] (II) modeset(0): Modeline "800x600"x56.2   36.00  800 824 896 1024  600 601 603 625 +hsync +vsync (35.2 kHz e)
[   145.554] (II) modeset(0): Modeline "848x480"x60.0   33.75  848 864 976 1088  480 486 494 517 +hsync +vsync (31.0 kHz e)
[   145.554] (II) modeset(0): Modeline "640x480"x59.9   25.18  640 656 752 800  480 490 492 525 -hsync -vsync (31.5 kHz e)
[   145.554] (II) modeset(0): Output VGA-1 connected
[   145.554] (II) modeset(0): Using exact sizes for initial modes
[   145.554] (II) modeset(0): Output VGA-1 using initial mode 1920x975 +0+0
[   145.554] (==) modeset(0): Using gamma correction (1.0, 1.0, 1.0)
[   145.554] (==) modeset(0): DPI set to (96, 96)
[   145.554] (II) Loading sub module "fb"
[   145.554] (II) LoadModule: "fb"
[   145.555] (II) Loading /usr/lib/xorg/modules/libfb.so
[   145.562] (II) Module fb: vendor="X.Org Foundation"
[   145.562] 	compiled for 1.19.6, module version = 1.0.0
[   145.562] 	ABI class: X.Org ANSI C Emulation, version 0.4
[   145.562] (II) UnloadModule: "fbdev"
[   145.562] (II) Unloading fbdev
[   145.562] (II) UnloadSubModule: "fbdevhw"
[   145.562] (II) Unloading fbdevhw
[   145.562] (II) UnloadModule: "vesa"
[   145.562] (II) Unloading vesa
[   145.562] (==) Depth 24 pixmap format is 32 bpp
[   145.564] (==) modeset(0): Backing store enabled
[   145.564] (==) modeset(0): Silken mouse enabled
[   145.565] (II) modeset(0): RandR 1.2 enabled, ignore the following RandR disabled message.
[   145.566] (==) modeset(0): DPMS enabled
[   145.566] (--) RandR disabled
[   145.571] (II) SELinux: Disabled on system
[   145.573] (II) AIGLX: Screen 0 is not DRI2 capable
[   145.573] (EE) AIGLX: reverting to software rendering
[   145.575] (II) IGLX: enabled GLX_MESA_copy_sub_buffer
[   145.576] (II) IGLX: Loaded and initialized swrast
[   145.576] (II) GLX: Initialized DRISWRAST GL provider for screen 0
[   145.577] (II) modeset(0): Damage tracking initialized
[   145.577] (II) modeset(0): Setting screen physical size to 508 x 257
[   145.619] (II) config/udev: Adding input device Power Button (/dev/input/event0)
[   145.620] (**) Power Button: Applying InputClass "libinput keyboard catchall"
[   145.620] (II) LoadModule: "libinput"
[   145.620] (II) Loading /usr/lib/xorg/modules/input/libinput_drv.so
[   145.623] (II) Module libinput: vendor="X.Org Foundation"
[   145.623] 	compiled for 1.19.6, module version = 0.27.1
[   145.623] 	Module class: X.Org XInput Driver
[   145.623] 	ABI class: X.Org XInput driver, version 24.1
[   145.623] (II) Using input driver 'libinput' for 'Power Button'
[   145.638] (II) systemd-logind: got fd for /dev/input/event0 13:64 fd 20 paused 0
[   145.638] (**) Power Button: always reports core events
[   145.638] (**) Option "Device" "/dev/input/event0"
[   145.639] (**) Option "_source" "server/udev"
[   145.646] (II) event0  - Power Button: is tagged by udev as: Keyboard
[   145.646] (II) event0  - Power Button: device is a keyboard
[   145.646] (II) event0  - Power Button: device removed
[   145.646] (**) Option "config_info" "udev:/sys/devices/LNXSYSTM:00/LNXPWRBN:00/input/input0/event0"
[   145.646] (II) XINPUT: Adding extended input device "Power Button" (type: KEYBOARD, id 6)
[   145.646] (**) Option "xkb_model" "pc105"
[   145.647] (**) Option "xkb_layout" "us"
[   145.647] (II) event0  - Power Button: is tagged by udev as: Keyboard
[   145.647] (II) event0  - Power Button: device is a keyboard
[   145.648] (II) config/udev: Adding input device Sleep Button (/dev/input/event1)
[   145.648] (**) Sleep Button: Applying InputClass "libinput keyboard catchall"
[   145.649] (II) Using input driver 'libinput' for 'Sleep Button'
[   145.650] (II) systemd-logind: got fd for /dev/input/event1 13:65 fd 23 paused 0
[   145.650] (**) Sleep Button: always reports core events
[   145.650] (**) Option "Device" "/dev/input/event1"
[   145.651] (**) Option "_source" "server/udev"
[   145.652] (II) event1  - Sleep Button: is tagged by udev as: Keyboard
[   145.652] (II) event1  - Sleep Button: device is a keyboard
[   145.652] (II) event1  - Sleep Button: device removed
[   145.652] (**) Option "config_info" "udev:/sys/devices/LNXSYSTM:00/LNXSLPBN:00/input/input1/event1"
[   145.653] (II) XINPUT: Adding extended input device "Sleep Button" (type: KEYBOARD, id 7)
[   145.653] (**) Option "xkb_model" "pc105"
[   145.653] (**) Option "xkb_layout" "us"
[   145.654] (II) event1  - Sleep Button: is tagged by udev as: Keyboard
[   145.654] (II) event1  - Sleep Button: device is a keyboard
[   145.656] (II) config/udev: Adding input device Video Bus (/dev/input/event3)
[   145.656] (**) Video Bus: Applying InputClass "libinput keyboard catchall"
[   145.656] (II) Using input driver 'libinput' for 'Video Bus'
[   145.657] (II) systemd-logind: got fd for /dev/input/event3 13:67 fd 24 paused 0
[   145.657] (**) Video Bus: always reports core events
[   145.657] (**) Option "Device" "/dev/input/event3"
[   145.657] (**) Option "_source" "server/udev"
[   145.658] (II) event3  - Video Bus: is tagged by udev as: Keyboard
[   145.658] (II) event3  - Video Bus: device is a keyboard
[   145.658] (II) event3  - Video Bus: device removed
[   145.658] (**) Option "config_info" "udev:/sys/devices/LNXSYSTM:00/LNXSYBUS:00/PNP0A03:00/LNXVIDEO:00/input/input4/event3"
[   145.658] (II) XINPUT: Adding extended input device "Video Bus" (type: KEYBOARD, id 8)
[   145.658] (**) Option "xkb_model" "pc105"
[   145.658] (**) Option "xkb_layout" "us"
[   145.660] (II) event3  - Video Bus: is tagged by udev as: Keyboard
[   145.660] (II) event3  - Video Bus: device is a keyboard
[   145.664] (II) config/udev: Adding input device VirtualBox mouse integration (/dev/input/event6)
[   145.666] (**) VirtualBox mouse integration: Applying InputClass "libinput pointer catchall"
[   145.666] (II) Using input driver 'libinput' for 'VirtualBox mouse integration'
[   145.667] (II) systemd-logind: got fd for /dev/input/event6 13:70 fd 25 paused 0
[   145.667] (**) VirtualBox mouse integration: always reports core events
[   145.667] (**) Option "Device" "/dev/input/event6"
[   145.668] (**) Option "_source" "server/udev"
[   145.669] (II) event6  - VirtualBox mouse integration: is tagged by udev as: Mouse
[   145.671] (II) event6  - VirtualBox mouse integration: device is a pointer
[   145.671] (II) event6  - VirtualBox mouse integration: device removed
[   145.672] (**) Option "config_info" "udev:/sys/devices/pci0000:00/0000:00:04.0/input/input7/event6"
[   145.672] (II) XINPUT: Adding extended input device "VirtualBox mouse integration" (type: MOUSE, id 9)
[   145.672] (**) Option "AccelerationScheme" "none"
[   145.672] (**) VirtualBox mouse integration: (accel) selected scheme none/0
[   145.673] (**) VirtualBox mouse integration: (accel) acceleration factor: 2.000
[   145.673] (**) VirtualBox mouse integration: (accel) acceleration threshold: 4
[   145.673] (II) event6  - VirtualBox mouse integration: is tagged by udev as: Mouse
[   145.674] (II) event6  - VirtualBox mouse integration: device is a pointer
[   145.674] (II) config/udev: Adding input device VirtualBox mouse integration (/dev/input/js1)
[   145.674] (II) No input driver specified, ignoring this device.
[   145.674] (II) This device may have been added with another device file.
[   145.676] (II) config/udev: Adding input device VirtualBox USB Tablet (/dev/input/event5)
[   145.678] (**) VirtualBox USB Tablet: Applying InputClass "libinput pointer catchall"
[   145.678] (II) Using input driver 'libinput' for 'VirtualBox USB Tablet'
[   145.737] (II) systemd-logind: got fd for /dev/input/event5 13:69 fd 26 paused 0
[   145.737] (**) VirtualBox USB Tablet: always reports core events
[   145.737] (**) Option "Device" "/dev/input/event5"
[   145.737] (**) Option "_source" "server/udev"
[   145.738] (II) event5  - VirtualBox USB Tablet: is tagged by udev as: Mouse
[   145.738] (II) event5  - VirtualBox USB Tablet: device is a pointer
[   145.738] (II) event5  - VirtualBox USB Tablet: device removed
[   145.738] (**) Option "config_info" "udev:/sys/devices/pci0000:00/0000:00:06.0/usb1/1-1/1-1:1.0/0003:80EE:0021.0001/input/input6/event5"
[   145.738] (II) XINPUT: Adding extended input device "VirtualBox USB Tablet" (type: MOUSE, id 10)
[   145.738] (**) Option "AccelerationScheme" "none"
[   145.738] (**) VirtualBox USB Tablet: (accel) selected scheme none/0
[   145.738] (**) VirtualBox USB Tablet: (accel) acceleration factor: 2.000
[   145.738] (**) VirtualBox USB Tablet: (accel) acceleration threshold: 4
[   145.738] (II) event5  - VirtualBox USB Tablet: is tagged by udev as: Mouse
[   145.738] (II) event5  - VirtualBox USB Tablet: device is a pointer
[   145.739] (II) config/udev: Adding input device VirtualBox USB Tablet (/dev/input/js0)
[   145.739] (II) No input driver specified, ignoring this device.
[   145.739] (II) This device may have been added with another device file.
[   145.739] (II) config/udev: Adding input device VirtualBox USB Tablet (/dev/input/mouse1)
[   145.739] (II) No input driver specified, ignoring this device.
[   145.739] (II) This device may have been added with another device file.
[   145.744] (II) config/udev: Adding input device AT Translated Set 2 keyboard (/dev/input/event2)
[   145.744] (**) AT Translated Set 2 keyboard: Applying InputClass "libinput keyboard catchall"
[   145.744] (II) Using input driver 'libinput' for 'AT Translated Set 2 keyboard'
[   145.745] (II) systemd-logind: got fd for /dev/input/event2 13:66 fd 27 paused 0
[   145.745] (**) AT Translated Set 2 keyboard: always reports core events
[   145.745] (**) Option "Device" "/dev/input/event2"
[   145.745] (**) Option "_source" "server/udev"
[   145.746] (II) event2  - AT Translated Set 2 keyboard: is tagged by udev as: Keyboard
[   145.746] (II) event2  - AT Translated Set 2 keyboard: device is a keyboard
[   145.746] (II) event2  - AT Translated Set 2 keyboard: device removed
[   145.746] (**) Option "config_info" "udev:/sys/devices/platform/i8042/serio0/input/input2/event2"
[   145.746] (II) XINPUT: Adding extended input device "AT Translated Set 2 keyboard" (type: KEYBOARD, id 11)
[   145.747] (**) Option "xkb_model" "pc105"
[   145.747] (**) Option "xkb_layout" "us"
[   145.749] (II) event2  - AT Translated Set 2 keyboard: is tagged by udev as: Keyboard
[   145.749] (II) event2  - AT Translated Set 2 keyboard: device is a keyboard
[   145.750] (II) config/udev: Adding input device ImExPS/2 Generic Explorer Mouse (/dev/input/event4)
[   145.750] (**) ImExPS/2 Generic Explorer Mouse: Applying InputClass "libinput pointer catchall"
[   145.750] (II) Using input driver 'libinput' for 'ImExPS/2 Generic Explorer Mouse'
[   145.751] (II) systemd-logind: got fd for /dev/input/event4 13:68 fd 28 paused 0
[   145.751] (**) ImExPS/2 Generic Explorer Mouse: always reports core events
[   145.751] (**) Option "Device" "/dev/input/event4"
[   145.751] (**) Option "_source" "server/udev"
[   145.754] (II) event4  - ImExPS/2 Generic Explorer Mouse: is tagged by udev as: Mouse
[   145.754] (II) event4  - ImExPS/2 Generic Explorer Mouse: device is a pointer
[   145.754] (II) event4  - ImExPS/2 Generic Explorer Mouse: device removed
[   145.754] (**) Option "config_info" "udev:/sys/devices/platform/i8042/serio1/input/input5/event4"
[   145.755] (II) XINPUT: Adding extended input device "ImExPS/2 Generic Explorer Mouse" (type: MOUSE, id 12)
[   145.755] (**) Option "AccelerationScheme" "none"
[   145.755] (**) ImExPS/2 Generic Explorer Mouse: (accel) selected scheme none/0
[   145.755] (**) ImExPS/2 Generic Explorer Mouse: (accel) acceleration factor: 2.000
[   145.755] (**) ImExPS/2 Generic Explorer Mouse: (accel) acceleration threshold: 4
[   145.756] (II) event4  - ImExPS/2 Generic Explorer Mouse: is tagged by udev as: Mouse
[   145.756] (II) event4  - ImExPS/2 Generic Explorer Mouse: device is a pointer
[   145.757] (II) config/udev: Adding input device ImExPS/2 Generic Explorer Mouse (/dev/input/mouse0)
[   145.757] (II) No input driver specified, ignoring this device.
[   145.757] (II) This device may have been added with another device file.
[   146.606] (II) modeset(0): EDID vendor "VBX", prod id 0
[   146.606] (II) modeset(0): DDCModeFromDetailedTiming: 1920x975 Warning: We only handle separate sync.
[   146.606] (II) modeset(0): Using EDID range info for horizontal sync
[   146.606] (II) modeset(0): Using EDID range info for vertical refresh
[   146.611] (II) modeset(0): EDID vendor "VBX", prod id 0
[   146.611] (II) modeset(0): DDCModeFromDetailedTiming: 1920x975 Warning: We only handle separate sync.
[   146.611] (II) modeset(0): Using hsync ranges from config file
[   146.611] (II) modeset(0): Using vrefresh ranges from config file
[   147.850] (II) modeset(0): EDID vendor "VBX", prod id 0
[   147.850] (II) modeset(0): DDCModeFromDetailedTiming: 1920x975 Warning: We only handle separate sync.
[   147.850] (II) modeset(0): Using hsync ranges from config file
[   147.851] (II) modeset(0): Using vrefresh ranges from config file
[  1323.016] (EE) client bug: timer event4 debounce short: offset negative (-5ms)
